{"name": "test_delayed_response", "status": "failed", "statusDetails": {"message": "AssertionError: assert None\n +  where None = print({'data': [{'avatar': 'https://reqres.in/img/faces/1-image.jpg', 'email': 'george.bluth@reqres.in', 'first_name': 'Geor...p ReqRes free, contributions towards server costs are appreciated!', 'url': 'https://reqres.in/#support-heading'}, ...})", "trace": "self = <test_requests.TestGetRequests object at 0x7fcabbe3c940>\n\n    def test_delayed_response(self):\n        get_req = requests.get('https://reqres.in/api/users?delay=3')\n        get_req_json = get_req.json()\n        assert get_req.status_code == 200\n>       assert print(get_req_json)\nE       AssertionError: assert None\nE        +  where None = print({'data': [{'avatar': 'https://reqres.in/img/faces/1-image.jpg', 'email': 'george.bluth@reqres.in', 'first_name': 'Geor...p ReqRes free, contributions towards server costs are appreciated!', 'url': 'https://reqres.in/#support-heading'}, ...})\n\ntest_requests.py:46: AssertionError"}, "start": 1612048412784, "stop": 1612048416134, "uuid": "98698ce5-7707-4f59-8d35-2b79e4a05032", "historyId": "0bcad2eb98bf276efb6244899f01b451", "testCaseId": "83d482cc36cd1dcbb655307db86a7b45", "fullName": "api_testing.homework3.test_requests.TestGetRequests#test_delayed_response", "labels": [{"name": "parentSuite", "value": "api_testing.homework3"}, {"name": "suite", "value": "test_requests"}, {"name": "subSuite", "value": "TestGetRequests"}, {"name": "host", "value": "kali"}, {"name": "thread", "value": "2656-MainThread"}, {"name": "framework", "value": "pytest"}, {"name": "language", "value": "cpython3"}, {"name": "package", "value": "api_testing.homework3.test_requests"}]}