{"name": "test_delayed_response", "status": "failed", "statusDetails": {"message": "AssertionError: assert 2 == 1\n  +2\n  -1", "trace": "self = <test_requests.TestGetRequests object at 0x7fa3e446bee0>\n\n    def test_delayed_response(self):\n        get_req = requests.get('https://reqres.in/api/users?delay=3')\n        get_req_json = get_req.json()\n        assert get_req.status_code == 200\n        assert get_req_json['page'] == 1\n        assert len(get_req_json['data']) == get_req_json['per_page']\n>       assert get_req_json['data'][1]['id'] == 1\nE       assert 2 == 1\nE         +2\nE         -1\n\ntest_requests.py:53: AssertionError"}, "start": 1612049723236, "stop": 1612049726652, "uuid": "10e47ac4-b22b-4668-a178-44a1b9ad7017", "historyId": "0bcad2eb98bf276efb6244899f01b451", "testCaseId": "83d482cc36cd1dcbb655307db86a7b45", "fullName": "api_testing.homework3.test_requests.TestGetRequests#test_delayed_response", "labels": [{"name": "parentSuite", "value": "api_testing.homework3"}, {"name": "suite", "value": "test_requests"}, {"name": "subSuite", "value": "TestGetRequests"}, {"name": "host", "value": "kali"}, {"name": "thread", "value": "3125-MainThread"}, {"name": "framework", "value": "pytest"}, {"name": "language", "value": "cpython3"}, {"name": "package", "value": "api_testing.homework3.test_requests"}]}