{"name": "test_single_user", "status": "failed", "statusDetails": {"message": "AssertionError: assert None\n +  where None = print(2)", "trace": "self = <test_requests.TestGetRequests object at 0x7fcabc8bd8e0>\n\n    def test_single_user(self):\n        get_req = requests.get('https://reqres.in/api/users/2')\n        get_req_json = get_req.json()\n        assert get_req.status_code == 200\n>       assert print(get_req_json['data']['id'])\nE       assert None\nE        +  where None = print(2)\n\ntest_requests.py:15: AssertionError"}, "start": 1612048410803, "stop": 1612048411242, "uuid": "0be75ef4-efdf-4ad3-94ad-173bd3f9906e", "historyId": "483b64eda975c50c7556986a264c7902", "testCaseId": "47d64e38ae7a0abff2d007183094bbe0", "fullName": "api_testing.homework3.test_requests.TestGetRequests#test_single_user", "labels": [{"name": "parentSuite", "value": "api_testing.homework3"}, {"name": "suite", "value": "test_requests"}, {"name": "subSuite", "value": "TestGetRequests"}, {"name": "host", "value": "kali"}, {"name": "thread", "value": "2656-MainThread"}, {"name": "framework", "value": "pytest"}, {"name": "language", "value": "cpython3"}, {"name": "package", "value": "api_testing.homework3.test_requests"}]}